# JRE version: Java(TM) SE Runtime Environment (8.0_101-b13) (build 1.8.0_101-b13)
# Java VM: Java HotSpot(TM) 64-Bit Server VM (25.101-b13 mixed mode bsd-amd64 compressed oops)
Heap:
 PSYoungGen      total 76288K, used 18447K [0x000000076ab00000, 0x0000000770000000, 0x00000007c0000000)
  eden space 65536K, 13% used [0x000000076ab00000,0x000000076b35ddd0,0x000000076eb00000)
  from space 10752K, 91% used [0x000000076eb00000,0x000000076f4a5ff8,0x000000076f580000)
  to   space 10752K, 0% used [0x000000076f580000,0x000000076f580000,0x0000000770000000)
 ParOldGen       total 175104K, used 25787K [0x00000006c0000000, 0x00000006cab00000, 0x000000076ab00000)
  object space 175104K, 14% used [0x00000006c0000000,0x00000006c192ed68,0x00000006cab00000)
 Metaspace       used 16842K, capacity 17098K, committed 17280K, reserved 1064960K
  class space    used 2052K, capacity 2131K, committed 2176K, reserved 1048576K
GC Heap History (6 events):
Event: 653.696 GC heap before
{Heap before GC invocations=1 (full 0):
 PSYoungGen      total 76288K, used 65536K [0x000000076ab00000, 0x0000000770000000, 0x00000007c0000000)
  eden space 65536K, 100% used [0x000000076ab00000,0x000000076eb00000,0x000000076eb00000)
  from space 10752K, 0% used [0x000000076f580000,0x000000076f580000,0x0000000770000000)
  to   space 10752K, 0% used [0x000000076eb00000,0x000000076eb00000,0x000000076f580000)
 ParOldGen       total 175104K, used 0K [0x00000006c0000000, 0x00000006cab00000, 0x000000076ab00000)
  object space 175104K, 0% used [0x00000006c0000000,0x00000006c0000000,0x00000006cab00000)
 Metaspace       used 16624K, capacity 16842K, committed 17024K, reserved 1064960K
  class space    used 2044K, capacity 2131K, committed 2176K, reserved 1048576K
Event: 653.725 GC heap after
Heap after GC invocations=1 (full 0):
 PSYoungGen      total 76288K, used 10722K [0x000000076ab00000, 0x0000000770000000, 0x00000007c0000000)
  eden space 65536K, 0% used [0x000000076ab00000,0x000000076ab00000,0x000000076eb00000)
  from space 10752K, 99% used [0x000000076eb00000,0x000000076f578868,0x000000076f580000)
  to   space 10752K, 0% used [0x000000076f580000,0x000000076f580000,0x0000000770000000)
 ParOldGen       total 175104K, used 13938K [0x00000006c0000000, 0x00000006cab00000, 0x000000076ab00000)
  object space 175104K, 7% used [0x00000006c0000000,0x00000006c0d9c9e8,0x00000006cab00000)
 Metaspace       used 16624K, capacity 16842K, committed 17024K, reserved 1064960K
  class space    used 2044K, capacity 2131K, committed 2176K, reserved 1048576K
}
Event: 1181.644 GC heap before
{Heap before GC invocations=2 (full 0):
 PSYoungGen      total 76288K, used 74491K [0x000000076ab00000, 0x0000000770000000, 0x00000007c0000000)
  eden space 65536K, 97% used [0x000000076ab00000,0x000000076e9465f0,0x000000076eb00000)
  from space 10752K, 99% used [0x000000076eb00000,0x000000076f578868,0x000000076f580000)
  to   space 10752K, 0% used [0x000000076f580000,0x000000076f580000,0x0000000770000000)
 ParOldGen       total 175104K, used 13938K [0x00000006c0000000, 0x00000006cab00000, 0x000000076ab00000)
  object space 175104K, 7% used [0x00000006c0000000,0x00000006c0d9c9e8,0x00000006cab00000)
 Metaspace       used 16726K, capacity 16970K, committed 17280K, reserved 1064960K
  class space    used 2048K, capacity 2131K, committed 2176K, reserved 1048576K
Event: 1181.654 GC heap after
Heap after GC invocations=2 (full 0):
 PSYoungGen      total 76288K, used 8913K [0x000000076ab00000, 0x0000000770000000, 0x00000007c0000000)
  eden space 65536K, 0% used [0x000000076ab00000,0x000000076ab00000,0x000000076eb00000)
  from space 10752K, 82% used [0x000000076f580000,0x000000076fe34620,0x0000000770000000)
  to   space 10752K, 0% used [0x000000076eb00000,0x000000076eb00000,0x000000076f580000)
 ParOldGen       total 175104K, used 13946K [0x00000006c0000000, 0x00000006cab00000, 0x000000076ab00000)
  object space 175104K, 7% used [0x00000006c0000000,0x00000006c0d9e9e8,0x00000006cab00000)
 Metaspace       used 16726K, capacity 16970K, committed 17280K, reserved 1064960K
  class space    used 2048K, capacity 2131K, committed 2176K, reserved 1048576K
}
Event: 6658.516 GC heap before
{Heap before GC invocations=3 (full 0):
 PSYoungGen      total 76288K, used 74356K [0x000000076ab00000, 0x0000000770000000, 0x00000007c0000000)
  eden space 65536K, 99% used [0x000000076ab00000,0x000000076eae8ce8,0x000000076eb00000)
  from space 10752K, 82% used [0x000000076f580000,0x000000076fe34620,0x0000000770000000)
  to   space 10752K, 0% used [0x000000076eb00000,0x000000076eb00000,0x000000076f580000)
 ParOldGen       total 175104K, used 13946K [0x00000006c0000000, 0x00000006cab00000, 0x000000076ab00000)
  object space 175104K, 7% used [0x00000006c0000000,0x00000006c0d9e9e8,0x00000006cab00000)
 Metaspace       used 16842K, capacity 17098K, committed 17280K, reserved 1064960K
  class space    used 2052K, capacity 2131K, committed 2176K, reserved 1048576K
Event: 6658.537 GC heap after
Heap after GC invocations=3 (full 0):
 PSYoungGen      total 76288K, used 9879K [0x000000076ab00000, 0x0000000770000000, 0x00000007c0000000)
  eden space 65536K, 0% used [0x000000076ab00000,0x000000076ab00000,0x000000076eb00000)
  from space 10752K, 91% used [0x000000076eb00000,0x000000076f4a5ff8,0x000000076f580000)
  to   space 10752K, 0% used [0x000000076f580000,0x000000076f580000,0x0000000770000000)
 ParOldGen       total 175104K, used 25787K [0x00000006c0000000, 0x00000006cab00000, 0x000000076ab00000)
  object space 175104K, 14% used [0x00000006c0000000,0x00000006c192ed68,0x00000006cab00000)
 Metaspace       used 16842K, capacity 17098K, committed 17280K, reserved 1064960K
  class space    used 2052K, capacity 2131K, committed 2176K, reserved 1048576K
}

