# JRE version: Java(TM) SE Runtime Environment (8.0_101-b13) (build 1.8.0_101-b13)
# Java VM: Java HotSpot(TM) 64-Bit Server VM (25.101-b13 mixed mode bsd-amd64 compressed oops)
Heap:
 PSYoungGen      total 76288K, used 14762K [0x000000076ab00000, 0x0000000770000000, 0x00000007c0000000)
  eden space 65536K, 10% used [0x000000076ab00000,0x000000076b1fc660,0x000000076eb00000)
  from space 10752K, 70% used [0x000000076f580000,0x000000076fcee458,0x0000000770000000)
  to   space 10752K, 0% used [0x000000076eb00000,0x000000076eb00000,0x000000076f580000)
 ParOldGen       total 175104K, used 23705K [0x00000006c0000000, 0x00000006cab00000, 0x000000076ab00000)
  object space 175104K, 13% used [0x00000006c0000000,0x00000006c1726700,0x00000006cab00000)
 Metaspace       used 12600K, capacity 12844K, committed 13056K, reserved 1060864K
  class space    used 1622K, capacity 1716K, committed 1792K, reserved 1048576K
GC Heap History (8 events):
Event: 4.229 GC heap before
{Heap before GC invocations=1 (full 0):
 PSYoungGen      total 76288K, used 61183K [0x000000076ab00000, 0x0000000770000000, 0x00000007c0000000)
  eden space 65536K, 93% used [0x000000076ab00000,0x000000076e6bfe58,0x000000076eb00000)
  from space 10752K, 0% used [0x000000076f580000,0x000000076f580000,0x0000000770000000)
  to   space 10752K, 0% used [0x000000076eb00000,0x000000076eb00000,0x000000076f580000)
 ParOldGen       total 175104K, used 0K [0x00000006c0000000, 0x00000006cab00000, 0x000000076ab00000)
  object space 175104K, 0% used [0x00000006c0000000,0x00000006c0000000,0x00000006cab00000)
 Metaspace       used 12269K, capacity 12510K, committed 12800K, reserved 1060864K
  class space    used 1618K, capacity 1715K, committed 1792K, reserved 1048576K
Event: 4.234 GC heap after
Heap after GC invocations=1 (full 0):
 PSYoungGen      total 76288K, used 7278K [0x000000076ab00000, 0x0000000770000000, 0x00000007c0000000)
  eden space 65536K, 0% used [0x000000076ab00000,0x000000076ab00000,0x000000076eb00000)
  from space 10752K, 67% used [0x000000076eb00000,0x000000076f21b958,0x000000076f580000)
  to   space 10752K, 0% used [0x000000076f580000,0x000000076f580000,0x0000000770000000)
 ParOldGen       total 175104K, used 16K [0x00000006c0000000, 0x00000006cab00000, 0x000000076ab00000)
  object space 175104K, 0% used [0x00000006c0000000,0x00000006c0004000,0x00000006cab00000)
 Metaspace       used 12269K, capacity 12510K, committed 12800K, reserved 1060864K
  class space    used 1618K, capacity 1715K, committed 1792K, reserved 1048576K
}
Event: 6.432 GC heap before
{Heap before GC invocations=2 (full 0):
 PSYoungGen      total 76288K, used 71560K [0x000000076ab00000, 0x0000000770000000, 0x00000007c0000000)
  eden space 65536K, 98% used [0x000000076ab00000,0x000000076e9c6738,0x000000076eb00000)
  from space 10752K, 67% used [0x000000076eb00000,0x000000076f21b958,0x000000076f580000)
  to   space 10752K, 0% used [0x000000076f580000,0x000000076f580000,0x0000000770000000)
 ParOldGen       total 175104K, used 16K [0x00000006c0000000, 0x00000006cab00000, 0x000000076ab00000)
  object space 175104K, 0% used [0x00000006c0000000,0x00000006c0004000,0x00000006cab00000)
 Metaspace       used 12424K, capacity 12652K, committed 12800K, reserved 1060864K
  class space    used 1619K, capacity 1716K, committed 1792K, reserved 1048576K
Event: 6.440 GC heap after
Heap after GC invocations=2 (full 0):
 PSYoungGen      total 76288K, used 8213K [0x000000076ab00000, 0x0000000770000000, 0x00000007c0000000)
  eden space 65536K, 0% used [0x000000076ab00000,0x000000076ab00000,0x000000076eb00000)
  from space 10752K, 76% used [0x000000076f580000,0x000000076fd85520,0x0000000770000000)
  to   space 10752K, 0% used [0x000000076eb00000,0x000000076eb00000,0x000000076f580000)
 ParOldGen       total 175104K, used 11856K [0x00000006c0000000, 0x00000006cab00000, 0x000000076ab00000)
  object space 175104K, 6% used [0x00000006c0000000,0x00000006c0b94380,0x00000006cab00000)
 Metaspace       used 12424K, capacity 12652K, committed 12800K, reserved 1060864K
  class space    used 1619K, capacity 1716K, committed 1792K, reserved 1048576K
}
Event: 12.577 GC heap before
{Heap before GC invocations=3 (full 0):
 PSYoungGen      total 76288K, used 72499K [0x000000076ab00000, 0x0000000770000000, 0x00000007c0000000)
  eden space 65536K, 98% used [0x000000076ab00000,0x000000076e9c7740,0x000000076eb00000)
  from space 10752K, 76% used [0x000000076f580000,0x000000076fd85520,0x0000000770000000)
  to   space 10752K, 0% used [0x000000076eb00000,0x000000076eb00000,0x000000076f580000)
 ParOldGen       total 175104K, used 11856K [0x00000006c0000000, 0x00000006cab00000, 0x000000076ab00000)
  object space 175104K, 6% used [0x00000006c0000000,0x00000006c0b94380,0x00000006cab00000)
 Metaspace       used 12485K, capacity 12716K, committed 13056K, reserved 1060864K
  class space    used 1619K, capacity 1716K, committed 1792K, reserved 1048576K
Event: 12.584 GC heap after
Heap after GC invocations=3 (full 0):
 PSYoungGen      total 76288K, used 9281K [0x000000076ab00000, 0x0000000770000000, 0x00000007c0000000)
  eden space 65536K, 0% used [0x000000076ab00000,0x000000076ab00000,0x000000076eb00000)
  from space 10752K, 86% used [0x000000076eb00000,0x000000076f410428,0x000000076f580000)
  to   space 10752K, 0% used [0x000000076f580000,0x000000076f580000,0x0000000770000000)
 ParOldGen       total 175104K, used 23697K [0x00000006c0000000, 0x00000006cab00000, 0x000000076ab00000)
  object space 175104K, 13% used [0x00000006c0000000,0x00000006c1724700,0x00000006cab00000)
 Metaspace       used 12485K, capacity 12716K, committed 13056K, reserved 1060864K
  class space    used 1619K, capacity 1716K, committed 1792K, reserved 1048576K
}
Event: 3272.877 GC heap before
{Heap before GC invocations=4 (full 0):
 PSYoungGen      total 76288K, used 71145K [0x000000076ab00000, 0x0000000770000000, 0x00000007c0000000)
  eden space 65536K, 94% used [0x000000076ab00000,0x000000076e76a0e0,0x000000076eb00000)
  from space 10752K, 86% used [0x000000076eb00000,0x000000076f410428,0x000000076f580000)
  to   space 10752K, 0% used [0x000000076f580000,0x000000076f580000,0x0000000770000000)
 ParOldGen       total 175104K, used 23697K [0x00000006c0000000, 0x00000006cab00000, 0x000000076ab00000)
  object space 175104K, 13% used [0x00000006c0000000,0x00000006c1724700,0x00000006cab00000)
 Metaspace       used 12598K, capacity 12844K, committed 13056K, reserved 1060864K
  class space    used 1622K, capacity 1716K, committed 1792K, reserved 1048576K
Event: 3272.911 GC heap after
Heap after GC invocations=4 (full 0):
 PSYoungGen      total 76288K, used 7609K [0x000000076ab00000, 0x0000000770000000, 0x00000007c0000000)
  eden space 65536K, 0% used [0x000000076ab00000,0x000000076ab00000,0x000000076eb00000)
  from space 10752K, 70% used [0x000000076f580000,0x000000076fcee458,0x0000000770000000)
  to   space 10752K, 0% used [0x000000076eb00000,0x000000076eb00000,0x000000076f580000)
 ParOldGen       total 175104K, used 23705K [0x00000006c0000000, 0x00000006cab00000, 0x000000076ab00000)
  object space 175104K, 13% used [0x00000006c0000000,0x00000006c1726700,0x00000006cab00000)
 Metaspace       used 12598K, capacity 12844K, committed 13056K, reserved 1060864K
  class space    used 1622K, capacity 1716K, committed 1792K, reserved 1048576K
}

