# JRE version: Java(TM) SE Runtime Environment (8.0_101-b13) (build 1.8.0_101-b13)
# Java VM: Java HotSpot(TM) 64-Bit Server VM (25.101-b13 mixed mode bsd-amd64 compressed oops)
Heap:
 PSYoungGen      total 76288K, used 14359K [0x000000076ab00000, 0x0000000770000000, 0x00000007c0000000)
  eden space 65536K, 10% used [0x000000076ab00000,0x000000076b1f05a8,0x000000076eb00000)
  from space 10752K, 67% used [0x000000076eb00000,0x000000076f2157f8,0x000000076f580000)
  to   space 10752K, 0% used [0x000000076f580000,0x000000076f580000,0x0000000770000000)
 ParOldGen       total 175104K, used 11864K [0x00000006c0000000, 0x00000006cab00000, 0x000000076ab00000)
  object space 175104K, 6% used [0x00000006c0000000,0x00000006c0b96380,0x00000006cab00000)
 Metaspace       used 12652K, capacity 12850K, committed 13056K, reserved 1060864K
  class space    used 1642K, capacity 1717K, committed 1792K, reserved 1048576K
GC Heap History (6 events):
Event: 41.675 GC heap before
{Heap before GC invocations=1 (full 0):
 PSYoungGen      total 76288K, used 65039K [0x000000076ab00000, 0x0000000770000000, 0x00000007c0000000)
  eden space 65536K, 99% used [0x000000076ab00000,0x000000076ea83f40,0x000000076eb00000)
  from space 10752K, 0% used [0x000000076f580000,0x000000076f580000,0x0000000770000000)
  to   space 10752K, 0% used [0x000000076eb00000,0x000000076eb00000,0x000000076f580000)
 ParOldGen       total 175104K, used 0K [0x00000006c0000000, 0x00000006cab00000, 0x000000076ab00000)
  object space 175104K, 0% used [0x00000006c0000000,0x00000006c0000000,0x00000006cab00000)
 Metaspace       used 12458K, capacity 12714K, committed 13056K, reserved 1060864K
  class space    used 1626K, capacity 1717K, committed 1792K, reserved 1048576K
Event: 41.684 GC heap after
Heap after GC invocations=1 (full 0):
 PSYoungGen      total 76288K, used 8330K [0x000000076ab00000, 0x0000000770000000, 0x00000007c0000000)
  eden space 65536K, 0% used [0x000000076ab00000,0x000000076ab00000,0x000000076eb00000)
  from space 10752K, 77% used [0x000000076eb00000,0x000000076f322930,0x000000076f580000)
  to   space 10752K, 0% used [0x000000076f580000,0x000000076f580000,0x0000000770000000)
 ParOldGen       total 175104K, used 11848K [0x00000006c0000000, 0x00000006cab00000, 0x000000076ab00000)
  object space 175104K, 6% used [0x00000006c0000000,0x00000006c0b92380,0x00000006cab00000)
 Metaspace       used 12458K, capacity 12714K, committed 13056K, reserved 1060864K
  class space    used 1626K, capacity 1717K, committed 1792K, reserved 1048576K
}
Event: 1227.367 GC heap before
{Heap before GC invocations=2 (full 0):
 PSYoungGen      total 76288K, used 70814K [0x000000076ab00000, 0x0000000770000000, 0x00000007c0000000)
  eden space 65536K, 95% used [0x000000076ab00000,0x000000076e8052c8,0x000000076eb00000)
  from space 10752K, 77% used [0x000000076eb00000,0x000000076f322930,0x000000076f580000)
  to   space 10752K, 0% used [0x000000076f580000,0x000000076f580000,0x0000000770000000)
 ParOldGen       total 175104K, used 11848K [0x00000006c0000000, 0x00000006cab00000, 0x000000076ab00000)
  object space 175104K, 6% used [0x00000006c0000000,0x00000006c0b92380,0x00000006cab00000)
 Metaspace       used 12560K, capacity 12786K, committed 13056K, reserved 1060864K
  class space    used 1638K, capacity 1717K, committed 1792K, reserved 1048576K
Event: 1227.372 GC heap after
Heap after GC invocations=2 (full 0):
 PSYoungGen      total 76288K, used 6906K [0x000000076ab00000, 0x0000000770000000, 0x00000007c0000000)
  eden space 65536K, 0% used [0x000000076ab00000,0x000000076ab00000,0x000000076eb00000)
  from space 10752K, 64% used [0x000000076f580000,0x000000076fc3e940,0x0000000770000000)
  to   space 10752K, 0% used [0x000000076eb00000,0x000000076eb00000,0x000000076f580000)
 ParOldGen       total 175104K, used 11856K [0x00000006c0000000, 0x00000006cab00000, 0x000000076ab00000)
  object space 175104K, 6% used [0x00000006c0000000,0x00000006c0b94380,0x00000006cab00000)
 Metaspace       used 12560K, capacity 12786K, committed 13056K, reserved 1060864K
  class space    used 1638K, capacity 1717K, committed 1792K, reserved 1048576K
}
Event: 2165.711 GC heap before
{Heap before GC invocations=3 (full 0):
 PSYoungGen      total 76288K, used 69275K [0x000000076ab00000, 0x0000000770000000, 0x00000007c0000000)
  eden space 65536K, 95% used [0x000000076ab00000,0x000000076e7e8560,0x000000076eb00000)
  from space 10752K, 64% used [0x000000076f580000,0x000000076fc3e940,0x0000000770000000)
  to   space 10752K, 0% used [0x000000076eb00000,0x000000076eb00000,0x000000076f580000)
 ParOldGen       total 175104K, used 11856K [0x00000006c0000000, 0x00000006cab00000, 0x000000076ab00000)
  object space 175104K, 6% used [0x00000006c0000000,0x00000006c0b94380,0x00000006cab00000)
 Metaspace       used 12650K, capacity 12850K, committed 13056K, reserved 1060864K
  class space    used 1642K, capacity 1717K, committed 1792K, reserved 1048576K
Event: 2165.724 GC heap after
Heap after GC invocations=3 (full 0):
 PSYoungGen      total 76288K, used 7253K [0x000000076ab00000, 0x0000000770000000, 0x00000007c0000000)
  eden space 65536K, 0% used [0x000000076ab00000,0x000000076ab00000,0x000000076eb00000)
  from space 10752K, 67% used [0x000000076eb00000,0x000000076f2157f8,0x000000076f580000)
  to   space 10752K, 0% used [0x000000076f580000,0x000000076f580000,0x0000000770000000)
 ParOldGen       total 175104K, used 11864K [0x00000006c0000000, 0x00000006cab00000, 0x000000076ab00000)
  object space 175104K, 6% used [0x00000006c0000000,0x00000006c0b96380,0x00000006cab00000)
 Metaspace       used 12650K, capacity 12850K, committed 13056K, reserved 1060864K
  class space    used 1642K, capacity 1717K, committed 1792K, reserved 1048576K
}

